2025-03-19T08:49:34.799-06:00  INFO 82933 --- [cuatroSRealApplication] [main] c.c.init.cuatroSRealApplicationTests     : Starting cuatroSRealApplicationTests using Java 23.0.1 with PID 82933 (started by Usuario in /Users/Usuario/eclipse-workspace/4SRealEstateApplication)
2025-03-19T08:49:34.823-06:00  INFO 82933 --- [cuatroSRealApplication] [main] c.c.init.cuatroSRealApplicationTests     : No active profile set, falling back to 1 default profile: "default"
2025-03-19T08:49:37.276-06:00  INFO 82933 --- [cuatroSRealApplication] [main] c.c.init.cuatroSRealApplicationTests     : Started cuatroSRealApplicationTests in 3.217 seconds (process running for 5.833)
2025-03-19T08:58:52.113-06:00  INFO 83065 --- [cuatroSRealApplication] [restartedMain] c.c.init.CuatroSRealApplication          : Starting CuatroSRealApplication using Java 23.0.1 with PID 83065 (/Users/Usuario/eclipse-workspace/4SRealEstateApplication/target/classes started by Usuario in /Users/Usuario/eclipse-workspace/4SRealEstateApplication)
2025-03-19T08:58:52.117-06:00  INFO 83065 --- [cuatroSRealApplication] [restartedMain] c.c.init.CuatroSRealApplication          : No active profile set, falling back to 1 default profile: "default"
2025-03-19T08:58:52.214-06:00  INFO 83065 --- [cuatroSRealApplication] [restartedMain] .e.DevToolsPropertyDefaultsPostProcessor : Devtools property defaults active! Set 'spring.devtools.add-properties' to 'false' to disable
2025-03-19T08:58:52.215-06:00  INFO 83065 --- [cuatroSRealApplication] [restartedMain] .e.DevToolsPropertyDefaultsPostProcessor : For additional web related logging consider setting the 'logging.level.web' property to 'DEBUG'
2025-03-19T08:58:53.431-06:00  INFO 83065 --- [cuatroSRealApplication] [restartedMain] o.s.b.w.embedded.tomcat.TomcatWebServer  : Tomcat initialized with port 8084 (http)
2025-03-19T08:58:53.458-06:00  INFO 83065 --- [cuatroSRealApplication] [restartedMain] o.apache.catalina.core.StandardService   : Starting service [Tomcat]
2025-03-19T08:58:53.459-06:00  INFO 83065 --- [cuatroSRealApplication] [restartedMain] o.apache.catalina.core.StandardEngine    : Starting Servlet engine: [Apache Tomcat/10.1.31]
2025-03-19T08:58:53.552-06:00  INFO 83065 --- [cuatroSRealApplication] [restartedMain] o.a.c.c.C.[Tomcat].[localhost].[/]       : Initializing Spring embedded WebApplicationContext
2025-03-19T08:58:53.553-06:00  INFO 83065 --- [cuatroSRealApplication] [restartedMain] w.s.c.ServletWebServerApplicationContext : Root WebApplicationContext: initialization completed in 1336 ms
2025-03-19T08:58:54.093-06:00  INFO 83065 --- [cuatroSRealApplication] [restartedMain] o.s.b.d.a.OptionalLiveReloadServer       : LiveReload server is running on port 35729
2025-03-19T08:58:54.133-06:00  INFO 83065 --- [cuatroSRealApplication] [restartedMain] o.s.b.w.embedded.tomcat.TomcatWebServer  : Tomcat started on port 8084 (http) with context path '/'
2025-03-19T08:58:54.148-06:00  INFO 83065 --- [cuatroSRealApplication] [restartedMain] c.c.init.CuatroSRealApplication          : Started CuatroSRealApplication in 2.499 seconds (process running for 3.718)
2025-03-19T08:59:07.359-06:00  INFO 83065 --- [cuatroSRealApplication] [http-nio-8084-exec-1] o.a.c.c.C.[Tomcat].[localhost].[/]       : Initializing Spring DispatcherServlet 'dispatcherServlet'
2025-03-19T08:59:07.361-06:00  INFO 83065 --- [cuatroSRealApplication] [http-nio-8084-exec-1] o.s.web.servlet.DispatcherServlet        : Initializing Servlet 'dispatcherServlet'
2025-03-19T08:59:07.363-06:00  INFO 83065 --- [cuatroSRealApplication] [http-nio-8084-exec-1] o.s.web.servlet.DispatcherServlet        : Completed initialization in 2 ms
2025-03-19T09:51:14.372-06:00 ERROR 83065 --- [cuatroSRealApplication] [http-nio-8084-exec-3] o.a.c.c.C.[.[.[/].[dispatcherServlet]    : Servlet.service() for servlet [dispatcherServlet] in context with path [] threw exception [Request processing failed: org.springframework.web.client.HttpClientErrorException$MethodNotAllowed: 405 : "{"timestamp":"2025-03-19T15:51:14.140+00:00","status":405,"error":"Method Not Allowed","path":"/api/cargaMasiva2"}"] with root cause

org.springframework.web.client.HttpClientErrorException$MethodNotAllowed: 405 : "{"timestamp":"2025-03-19T15:51:14.140+00:00","status":405,"error":"Method Not Allowed","path":"/api/cargaMasiva2"}"
	at org.springframework.web.client.HttpClientErrorException.create(HttpClientErrorException.java:115) ~[spring-web-6.1.14.jar:6.1.14]
	at org.springframework.web.client.DefaultResponseErrorHandler.handleError(DefaultResponseErrorHandler.java:183) ~[spring-web-6.1.14.jar:6.1.14]
	at org.springframework.web.client.DefaultResponseErrorHandler.handleError(DefaultResponseErrorHandler.java:137) ~[spring-web-6.1.14.jar:6.1.14]
	at org.springframework.web.client.ResponseErrorHandler.handleError(ResponseErrorHandler.java:63) ~[spring-web-6.1.14.jar:6.1.14]
	at org.springframework.web.client.RestTemplate.handleResponse(RestTemplate.java:942) ~[spring-web-6.1.14.jar:6.1.14]
	at org.springframework.web.client.RestTemplate.doExecute(RestTemplate.java:891) ~[spring-web-6.1.14.jar:6.1.14]
	at org.springframework.web.client.RestTemplate.execute(RestTemplate.java:790) ~[spring-web-6.1.14.jar:6.1.14]
	at org.springframework.web.client.RestTemplate.getForObject(RestTemplate.java:404) ~[spring-web-6.1.14.jar:6.1.14]
	at com.cuatroSReal.service.ReTechDataService.setUpdateCargaMasiva(ReTechDataService.java:451) ~[classes/:na]
	at com.cuatroSReal.controller.ReTechDataController.updatesScrap(ReTechDataController.java:429) ~[classes/:na]
	at java.base/jdk.internal.reflect.DirectMethodHandleAccessor.invoke(DirectMethodHandleAccessor.java:103) ~[na:na]
	at java.base/java.lang.reflect.Method.invoke(Method.java:580) ~[na:na]
	at org.springframework.web.method.support.InvocableHandlerMethod.doInvoke(InvocableHandlerMethod.java:255) ~[spring-web-6.1.14.jar:6.1.14]
	at org.springframework.web.method.support.InvocableHandlerMethod.invokeForRequest(InvocableHandlerMethod.java:188) ~[spring-web-6.1.14.jar:6.1.14]
	at org.springframework.web.servlet.mvc.method.annotation.ServletInvocableHandlerMethod.invokeAndHandle(ServletInvocableHandlerMethod.java:118) ~[spring-webmvc-6.1.14.jar:6.1.14]
	at org.springframework.web.servlet.mvc.method.annotation.RequestMappingHandlerAdapter.invokeHandlerMethod(RequestMappingHandlerAdapter.java:926) ~[spring-webmvc-6.1.14.jar:6.1.14]
	at org.springframework.web.servlet.mvc.method.annotation.RequestMappingHandlerAdapter.handleInternal(RequestMappingHandlerAdapter.java:831) ~[spring-webmvc-6.1.14.jar:6.1.14]
	at org.springframework.web.servlet.mvc.method.AbstractHandlerMethodAdapter.handle(AbstractHandlerMethodAdapter.java:87) ~[spring-webmvc-6.1.14.jar:6.1.14]
	at org.springframework.web.servlet.DispatcherServlet.doDispatch(DispatcherServlet.java:1089) ~[spring-webmvc-6.1.14.jar:6.1.14]
	at org.springframework.web.servlet.DispatcherServlet.doService(DispatcherServlet.java:979) ~[spring-webmvc-6.1.14.jar:6.1.14]
	at org.springframework.web.servlet.FrameworkServlet.processRequest(FrameworkServlet.java:1014) ~[spring-webmvc-6.1.14.jar:6.1.14]
	at org.springframework.web.servlet.FrameworkServlet.doPost(FrameworkServlet.java:914) ~[spring-webmvc-6.1.14.jar:6.1.14]
	at jakarta.servlet.http.HttpServlet.service(HttpServlet.java:590) ~[tomcat-embed-core-10.1.31.jar:6.0]
	at org.springframework.web.servlet.FrameworkServlet.service(FrameworkServlet.java:885) ~[spring-webmvc-6.1.14.jar:6.1.14]
	at jakarta.servlet.http.HttpServlet.service(HttpServlet.java:658) ~[tomcat-embed-core-10.1.31.jar:6.0]
	at org.apache.catalina.core.ApplicationFilterChain.internalDoFilter(ApplicationFilterChain.java:195) ~[tomcat-embed-core-10.1.31.jar:10.1.31]
	at org.apache.catalina.core.ApplicationFilterChain.doFilter(ApplicationFilterChain.java:140) ~[tomcat-embed-core-10.1.31.jar:10.1.31]
	at org.apache.tomcat.websocket.server.WsFilter.doFilter(WsFilter.java:51) ~[tomcat-embed-websocket-10.1.31.jar:10.1.31]
	at org.apache.catalina.core.ApplicationFilterChain.internalDoFilter(ApplicationFilterChain.java:164) ~[tomcat-embed-core-10.1.31.jar:10.1.31]
	at org.apache.catalina.core.ApplicationFilterChain.doFilter(ApplicationFilterChain.java:140) ~[tomcat-embed-core-10.1.31.jar:10.1.31]
	at org.springframework.web.filter.RequestContextFilter.doFilterInternal(RequestContextFilter.java:100) ~[spring-web-6.1.14.jar:6.1.14]
	at org.springframework.web.filter.OncePerRequestFilter.doFilter(OncePerRequestFilter.java:116) ~[spring-web-6.1.14.jar:6.1.14]
	at org.apache.catalina.core.ApplicationFilterChain.internalDoFilter(ApplicationFilterChain.java:164) ~[tomcat-embed-core-10.1.31.jar:10.1.31]
	at org.apache.catalina.core.ApplicationFilterChain.doFilter(ApplicationFilterChain.java:140) ~[tomcat-embed-core-10.1.31.jar:10.1.31]
	at org.springframework.web.filter.FormContentFilter.doFilterInternal(FormContentFilter.java:93) ~[spring-web-6.1.14.jar:6.1.14]
	at org.springframework.web.filter.OncePerRequestFilter.doFilter(OncePerRequestFilter.java:116) ~[spring-web-6.1.14.jar:6.1.14]
	at org.apache.catalina.core.ApplicationFilterChain.internalDoFilter(ApplicationFilterChain.java:164) ~[tomcat-embed-core-10.1.31.jar:10.1.31]
	at org.apache.catalina.core.ApplicationFilterChain.doFilter(ApplicationFilterChain.java:140) ~[tomcat-embed-core-10.1.31.jar:10.1.31]
	at org.springframework.web.filter.CharacterEncodingFilter.doFilterInternal(CharacterEncodingFilter.java:201) ~[spring-web-6.1.14.jar:6.1.14]
	at org.springframework.web.filter.OncePerRequestFilter.doFilter(OncePerRequestFilter.java:116) ~[spring-web-6.1.14.jar:6.1.14]
	at org.apache.catalina.core.ApplicationFilterChain.internalDoFilter(ApplicationFilterChain.java:164) ~[tomcat-embed-core-10.1.31.jar:10.1.31]
	at org.apache.catalina.core.ApplicationFilterChain.doFilter(ApplicationFilterChain.java:140) ~[tomcat-embed-core-10.1.31.jar:10.1.31]
	at org.apache.catalina.core.StandardWrapperValve.invoke(StandardWrapperValve.java:167) ~[tomcat-embed-core-10.1.31.jar:10.1.31]
	at org.apache.catalina.core.StandardContextValve.invoke(StandardContextValve.java:90) ~[tomcat-embed-core-10.1.31.jar:10.1.31]
	at org.apache.catalina.authenticator.AuthenticatorBase.invoke(AuthenticatorBase.java:483) ~[tomcat-embed-core-10.1.31.jar:10.1.31]
	at org.apache.catalina.core.StandardHostValve.invoke(StandardHostValve.java:115) ~[tomcat-embed-core-10.1.31.jar:10.1.31]
	at org.apache.catalina.valves.ErrorReportValve.invoke(ErrorReportValve.java:93) ~[tomcat-embed-core-10.1.31.jar:10.1.31]
	at org.apache.catalina.core.StandardEngineValve.invoke(StandardEngineValve.java:74) ~[tomcat-embed-core-10.1.31.jar:10.1.31]
	at org.apache.catalina.connector.CoyoteAdapter.service(CoyoteAdapter.java:344) ~[tomcat-embed-core-10.1.31.jar:10.1.31]
	at org.apache.coyote.http11.Http11Processor.service(Http11Processor.java:384) ~[tomcat-embed-core-10.1.31.jar:10.1.31]
	at org.apache.coyote.AbstractProcessorLight.process(AbstractProcessorLight.java:63) ~[tomcat-embed-core-10.1.31.jar:10.1.31]
	at org.apache.coyote.AbstractProtocol$ConnectionHandler.process(AbstractProtocol.java:905) ~[tomcat-embed-core-10.1.31.jar:10.1.31]
	at org.apache.tomcat.util.net.NioEndpoint$SocketProcessor.doRun(NioEndpoint.java:1741) ~[tomcat-embed-core-10.1.31.jar:10.1.31]
	at org.apache.tomcat.util.net.SocketProcessorBase.run(SocketProcessorBase.java:52) ~[tomcat-embed-core-10.1.31.jar:10.1.31]
	at org.apache.tomcat.util.threads.ThreadPoolExecutor.runWorker(ThreadPoolExecutor.java:1190) ~[tomcat-embed-core-10.1.31.jar:10.1.31]
	at org.apache.tomcat.util.threads.ThreadPoolExecutor$Worker.run(ThreadPoolExecutor.java:659) ~[tomcat-embed-core-10.1.31.jar:10.1.31]
	at org.apache.tomcat.util.threads.TaskThread$WrappingRunnable.run(TaskThread.java:63) ~[tomcat-embed-core-10.1.31.jar:10.1.31]
	at java.base/java.lang.Thread.run(Thread.java:1575) ~[na:na]

2025-03-19T09:52:59.577-06:00  INFO 83065 --- [cuatroSRealApplication] [File Watcher] rtingClassPathChangeChangedEventListener : Restarting due to 2 class path changes (0 additions, 0 deletions, 2 modifications)
2025-03-19T09:53:00.058-06:00  INFO 83065 --- [cuatroSRealApplication] [restartedMain] c.c.init.CuatroSRealApplication          : Starting CuatroSRealApplication using Java 23.0.1 with PID 83065 (/Users/Usuario/eclipse-workspace/4SRealEstateApplication/target/classes started by Usuario in /Users/Usuario/eclipse-workspace/4SRealEstateApplication)
2025-03-19T09:53:00.058-06:00  INFO 83065 --- [cuatroSRealApplication] [restartedMain] c.c.init.CuatroSRealApplication          : No active profile set, falling back to 1 default profile: "default"
2025-03-19T09:53:00.652-06:00  INFO 83065 --- [cuatroSRealApplication] [restartedMain] o.s.b.w.embedded.tomcat.TomcatWebServer  : Tomcat initialized with port 8084 (http)
2025-03-19T09:53:00.659-06:00  INFO 83065 --- [cuatroSRealApplication] [restartedMain] o.apache.catalina.core.StandardService   : Starting service [Tomcat]
2025-03-19T09:53:00.660-06:00  INFO 83065 --- [cuatroSRealApplication] [restartedMain] o.apache.catalina.core.StandardEngine    : Starting Servlet engine: [Apache Tomcat/10.1.31]
2025-03-19T09:53:00.690-06:00  INFO 83065 --- [cuatroSRealApplication] [restartedMain] o.a.c.c.C.[Tomcat].[localhost].[/]       : Initializing Spring embedded WebApplicationContext
2025-03-19T09:53:00.691-06:00  INFO 83065 --- [cuatroSRealApplication] [restartedMain] w.s.c.ServletWebServerApplicationContext : Root WebApplicationContext: initialization completed in 626 ms
2025-03-19T09:53:00.916-06:00  INFO 83065 --- [cuatroSRealApplication] [restartedMain] o.s.b.d.a.OptionalLiveReloadServer       : LiveReload server is running on port 35729
2025-03-19T09:53:00.965-06:00  INFO 83065 --- [cuatroSRealApplication] [restartedMain] o.s.b.w.embedded.tomcat.TomcatWebServer  : Tomcat started on port 8084 (http) with context path '/'
2025-03-19T09:53:00.978-06:00  INFO 83065 --- [cuatroSRealApplication] [restartedMain] c.c.init.CuatroSRealApplication          : Started CuatroSRealApplication in 0.99 seconds (process running for 3250.563)
2025-03-19T09:53:01.001-06:00  INFO 83065 --- [cuatroSRealApplication] [restartedMain] .ConditionEvaluationDeltaLoggingListener : Condition evaluation unchanged
2025-03-19T09:53:34.651-06:00  INFO 83065 --- [cuatroSRealApplication] [File Watcher] rtingClassPathChangeChangedEventListener : Restarting due to 4 class path changes (0 additions, 0 deletions, 4 modifications)
2025-03-19T09:53:34.808-06:00  INFO 83065 --- [cuatroSRealApplication] [restartedMain] c.c.init.CuatroSRealApplication          : Starting CuatroSRealApplication using Java 23.0.1 with PID 83065 (/Users/Usuario/eclipse-workspace/4SRealEstateApplication/target/classes started by Usuario in /Users/Usuario/eclipse-workspace/4SRealEstateApplication)
2025-03-19T09:53:34.809-06:00  INFO 83065 --- [cuatroSRealApplication] [restartedMain] c.c.init.CuatroSRealApplication          : No active profile set, falling back to 1 default profile: "default"
2025-03-19T09:53:35.046-06:00  INFO 83065 --- [cuatroSRealApplication] [restartedMain] o.s.b.w.embedded.tomcat.TomcatWebServer  : Tomcat initialized with port 8084 (http)
2025-03-19T09:53:35.048-06:00  INFO 83065 --- [cuatroSRealApplication] [restartedMain] o.apache.catalina.core.StandardService   : Starting service [Tomcat]
2025-03-19T09:53:35.049-06:00  INFO 83065 --- [cuatroSRealApplication] [restartedMain] o.apache.catalina.core.StandardEngine    : Starting Servlet engine: [Apache Tomcat/10.1.31]
2025-03-19T09:53:35.062-06:00  INFO 83065 --- [cuatroSRealApplication] [restartedMain] o.a.c.c.C.[Tomcat].[localhost].[/]       : Initializing Spring embedded WebApplicationContext
2025-03-19T09:53:35.062-06:00  INFO 83065 --- [cuatroSRealApplication] [restartedMain] w.s.c.ServletWebServerApplicationContext : Root WebApplicationContext: initialization completed in 245 ms
2025-03-19T09:53:35.193-06:00  INFO 83065 --- [cuatroSRealApplication] [restartedMain] o.s.b.d.a.OptionalLiveReloadServer       : LiveReload server is running on port 35729
2025-03-19T09:53:35.242-06:00  INFO 83065 --- [cuatroSRealApplication] [restartedMain] o.s.b.w.embedded.tomcat.TomcatWebServer  : Tomcat started on port 8084 (http) with context path '/'
2025-03-19T09:53:35.271-06:00  INFO 83065 --- [cuatroSRealApplication] [restartedMain] c.c.init.CuatroSRealApplication          : Started CuatroSRealApplication in 0.515 seconds (process running for 3284.856)
2025-03-19T09:53:35.275-06:00  INFO 83065 --- [cuatroSRealApplication] [restartedMain] .ConditionEvaluationDeltaLoggingListener : Condition evaluation unchanged
2025-03-19T09:53:45.728-06:00  INFO 83065 --- [cuatroSRealApplication] [File Watcher] rtingClassPathChangeChangedEventListener : Restarting due to 2 class path changes (0 additions, 0 deletions, 2 modifications)
2025-03-19T09:53:45.986-06:00  INFO 83065 --- [cuatroSRealApplication] [restartedMain] c.c.init.CuatroSRealApplication          : Starting CuatroSRealApplication using Java 23.0.1 with PID 83065 (/Users/Usuario/eclipse-workspace/4SRealEstateApplication/target/classes started by Usuario in /Users/Usuario/eclipse-workspace/4SRealEstateApplication)
2025-03-19T09:53:45.987-06:00  INFO 83065 --- [cuatroSRealApplication] [restartedMain] c.c.init.CuatroSRealApplication          : No active profile set, falling back to 1 default profile: "default"
2025-03-19T09:53:46.565-06:00  INFO 83065 --- [cuatroSRealApplication] [restartedMain] o.s.b.w.embedded.tomcat.TomcatWebServer  : Tomcat initialized with port 8084 (http)
2025-03-19T09:53:46.566-06:00  INFO 83065 --- [cuatroSRealApplication] [restartedMain] o.apache.catalina.core.StandardService   : Starting service [Tomcat]
2025-03-19T09:53:46.567-06:00  INFO 83065 --- [cuatroSRealApplication] [restartedMain] o.apache.catalina.core.StandardEngine    : Starting Servlet engine: [Apache Tomcat/10.1.31]
2025-03-19T09:53:46.591-06:00  INFO 83065 --- [cuatroSRealApplication] [restartedMain] o.a.c.c.C.[Tomcat].[localhost].[/]       : Initializing Spring embedded WebApplicationContext
2025-03-19T09:53:46.592-06:00  INFO 83065 --- [cuatroSRealApplication] [restartedMain] w.s.c.ServletWebServerApplicationContext : Root WebApplicationContext: initialization completed in 601 ms
2025-03-19T09:53:46.761-06:00  INFO 83065 --- [cuatroSRealApplication] [restartedMain] o.s.b.d.a.OptionalLiveReloadServer       : LiveReload server is running on port 35729
2025-03-19T09:53:46.793-06:00  INFO 83065 --- [cuatroSRealApplication] [restartedMain] o.s.b.w.embedded.tomcat.TomcatWebServer  : Tomcat started on port 8084 (http) with context path '/'
2025-03-19T09:53:46.837-06:00  INFO 83065 --- [cuatroSRealApplication] [restartedMain] c.c.init.CuatroSRealApplication          : Started CuatroSRealApplication in 0.892 seconds (process running for 3296.422)
2025-03-19T09:53:46.845-06:00  INFO 83065 --- [cuatroSRealApplication] [restartedMain] .ConditionEvaluationDeltaLoggingListener : Condition evaluation unchanged
2025-03-19T09:58:37.759-06:00  INFO 83065 --- [cuatroSRealApplication] [http-nio-8084-exec-1] o.a.c.c.C.[Tomcat].[localhost].[/]       : Initializing Spring DispatcherServlet 'dispatcherServlet'
2025-03-19T09:58:37.762-06:00  INFO 83065 --- [cuatroSRealApplication] [http-nio-8084-exec-1] o.s.web.servlet.DispatcherServlet        : Initializing Servlet 'dispatcherServlet'
2025-03-19T09:58:37.775-06:00  INFO 83065 --- [cuatroSRealApplication] [http-nio-8084-exec-1] o.s.web.servlet.DispatcherServlet        : Completed initialization in 12 ms
2025-03-19T09:59:01.457-06:00  WARN 83065 --- [cuatroSRealApplication] [http-nio-8084-exec-2] .w.s.m.s.DefaultHandlerExceptionResolver : Resolved [org.springframework.web.bind.MissingServletRequestParameterException: Required request parameter 'file' for method parameter type String is not present]
2025-03-19T10:00:01.358-06:00  INFO 83065 --- [cuatroSRealApplication] [File Watcher] rtingClassPathChangeChangedEventListener : Restarting due to 2 class path changes (0 additions, 0 deletions, 2 modifications)
2025-03-19T10:00:01.533-06:00  INFO 83065 --- [cuatroSRealApplication] [restartedMain] c.c.init.CuatroSRealApplication          : Starting CuatroSRealApplication using Java 23.0.1 with PID 83065 (/Users/Usuario/eclipse-workspace/4SRealEstateApplication/target/classes started by Usuario in /Users/Usuario/eclipse-workspace/4SRealEstateApplication)
2025-03-19T10:00:01.534-06:00  INFO 83065 --- [cuatroSRealApplication] [restartedMain] c.c.init.CuatroSRealApplication          : No active profile set, falling back to 1 default profile: "default"
2025-03-19T10:00:02.088-06:00  INFO 83065 --- [cuatroSRealApplication] [restartedMain] o.s.b.w.embedded.tomcat.TomcatWebServer  : Tomcat initialized with port 8084 (http)
2025-03-19T10:00:02.096-06:00  INFO 83065 --- [cuatroSRealApplication] [restartedMain] o.apache.catalina.core.StandardService   : Starting service [Tomcat]
2025-03-19T10:00:02.099-06:00  INFO 83065 --- [cuatroSRealApplication] [restartedMain] o.apache.catalina.core.StandardEngine    : Starting Servlet engine: [Apache Tomcat/10.1.31]
2025-03-19T10:00:02.121-06:00  INFO 83065 --- [cuatroSRealApplication] [restartedMain] o.a.c.c.C.[Tomcat].[localhost].[/]       : Initializing Spring embedded WebApplicationContext
2025-03-19T10:00:02.121-06:00  INFO 83065 --- [cuatroSRealApplication] [restartedMain] w.s.c.ServletWebServerApplicationContext : Root WebApplicationContext: initialization completed in 582 ms
2025-03-19T10:00:02.331-06:00  INFO 83065 --- [cuatroSRealApplication] [restartedMain] o.s.b.d.a.OptionalLiveReloadServer       : LiveReload server is running on port 35729
2025-03-19T10:00:02.351-06:00  INFO 83065 --- [cuatroSRealApplication] [restartedMain] o.s.b.w.embedded.tomcat.TomcatWebServer  : Tomcat started on port 8084 (http) with context path '/'
2025-03-19T10:00:02.355-06:00  INFO 83065 --- [cuatroSRealApplication] [restartedMain] c.c.init.CuatroSRealApplication          : Started CuatroSRealApplication in 0.871 seconds (process running for 3671.941)
2025-03-19T10:00:02.356-06:00  INFO 83065 --- [cuatroSRealApplication] [restartedMain] .ConditionEvaluationDeltaLoggingListener : Condition evaluation unchanged
2025-03-19T10:00:12.591-06:00  INFO 83065 --- [cuatroSRealApplication] [http-nio-8084-exec-1] o.a.c.c.C.[Tomcat].[localhost].[/]       : Initializing Spring DispatcherServlet 'dispatcherServlet'
2025-03-19T10:00:12.591-06:00  INFO 83065 --- [cuatroSRealApplication] [http-nio-8084-exec-1] o.s.web.servlet.DispatcherServlet        : Initializing Servlet 'dispatcherServlet'
2025-03-19T10:00:12.593-06:00  INFO 83065 --- [cuatroSRealApplication] [http-nio-8084-exec-1] o.s.web.servlet.DispatcherServlet        : Completed initialization in 2 ms
2025-03-19T10:00:17.039-06:00  WARN 83065 --- [cuatroSRealApplication] [http-nio-8084-exec-2] .w.s.m.s.DefaultHandlerExceptionResolver : Resolved [org.springframework.web.bind.MissingServletRequestParameterException: Required request parameter 'estadoInsert' for method parameter type String is not present]
2025-03-19T10:00:42.885-06:00 ERROR 83065 --- [cuatroSRealApplication] [http-nio-8084-exec-4] o.a.c.c.C.[.[.[/].[dispatcherServlet]    : Servlet.service() for servlet [dispatcherServlet] in context with path [] threw exception [Request processing failed: org.springframework.web.client.HttpClientErrorException$MethodNotAllowed: 405 : "{"timestamp":"2025-03-19T16:00:42.849+00:00","status":405,"error":"Method Not Allowed","path":"/api/cargaMasiva2"}"] with root cause

org.springframework.web.client.HttpClientErrorException$MethodNotAllowed: 405 : "{"timestamp":"2025-03-19T16:00:42.849+00:00","status":405,"error":"Method Not Allowed","path":"/api/cargaMasiva2"}"
	at org.springframework.web.client.HttpClientErrorException.create(HttpClientErrorException.java:115) ~[spring-web-6.1.14.jar:6.1.14]
	at org.springframework.web.client.DefaultResponseErrorHandler.handleError(DefaultResponseErrorHandler.java:183) ~[spring-web-6.1.14.jar:6.1.14]
	at org.springframework.web.client.DefaultResponseErrorHandler.handleError(DefaultResponseErrorHandler.java:137) ~[spring-web-6.1.14.jar:6.1.14]
	at org.springframework.web.client.ResponseErrorHandler.handleError(ResponseErrorHandler.java:63) ~[spring-web-6.1.14.jar:6.1.14]
	at org.springframework.web.client.RestTemplate.handleResponse(RestTemplate.java:942) ~[spring-web-6.1.14.jar:6.1.14]
	at org.springframework.web.client.RestTemplate.doExecute(RestTemplate.java:891) ~[spring-web-6.1.14.jar:6.1.14]
	at org.springframework.web.client.RestTemplate.execute(RestTemplate.java:790) ~[spring-web-6.1.14.jar:6.1.14]
	at org.springframework.web.client.RestTemplate.getForObject(RestTemplate.java:404) ~[spring-web-6.1.14.jar:6.1.14]
	at com.cuatroSReal.service.ReTechDataService.setUpdateCargaMasiva(ReTechDataService.java:451) ~[classes/:na]
	at com.cuatroSReal.controller.ReTechDataController.updatesScrap(ReTechDataController.java:429) ~[classes/:na]
	at java.base/jdk.internal.reflect.DirectMethodHandleAccessor.invoke(DirectMethodHandleAccessor.java:103) ~[na:na]
	at java.base/java.lang.reflect.Method.invoke(Method.java:580) ~[na:na]
	at org.springframework.web.method.support.InvocableHandlerMethod.doInvoke(InvocableHandlerMethod.java:255) ~[spring-web-6.1.14.jar:6.1.14]
	at org.springframework.web.method.support.InvocableHandlerMethod.invokeForRequest(InvocableHandlerMethod.java:188) ~[spring-web-6.1.14.jar:6.1.14]
	at org.springframework.web.servlet.mvc.method.annotation.ServletInvocableHandlerMethod.invokeAndHandle(ServletInvocableHandlerMethod.java:118) ~[spring-webmvc-6.1.14.jar:6.1.14]
	at org.springframework.web.servlet.mvc.method.annotation.RequestMappingHandlerAdapter.invokeHandlerMethod(RequestMappingHandlerAdapter.java:926) ~[spring-webmvc-6.1.14.jar:6.1.14]
	at org.springframework.web.servlet.mvc.method.annotation.RequestMappingHandlerAdapter.handleInternal(RequestMappingHandlerAdapter.java:831) ~[spring-webmvc-6.1.14.jar:6.1.14]
	at org.springframework.web.servlet.mvc.method.AbstractHandlerMethodAdapter.handle(AbstractHandlerMethodAdapter.java:87) ~[spring-webmvc-6.1.14.jar:6.1.14]
	at org.springframework.web.servlet.DispatcherServlet.doDispatch(DispatcherServlet.java:1089) ~[spring-webmvc-6.1.14.jar:6.1.14]
	at org.springframework.web.servlet.DispatcherServlet.doService(DispatcherServlet.java:979) ~[spring-webmvc-6.1.14.jar:6.1.14]
	at org.springframework.web.servlet.FrameworkServlet.processRequest(FrameworkServlet.java:1014) ~[spring-webmvc-6.1.14.jar:6.1.14]
	at org.springframework.web.servlet.FrameworkServlet.doPost(FrameworkServlet.java:914) ~[spring-webmvc-6.1.14.jar:6.1.14]
	at jakarta.servlet.http.HttpServlet.service(HttpServlet.java:590) ~[tomcat-embed-core-10.1.31.jar:6.0]
	at org.springframework.web.servlet.FrameworkServlet.service(FrameworkServlet.java:885) ~[spring-webmvc-6.1.14.jar:6.1.14]
	at jakarta.servlet.http.HttpServlet.service(HttpServlet.java:658) ~[tomcat-embed-core-10.1.31.jar:6.0]
	at org.apache.catalina.core.ApplicationFilterChain.internalDoFilter(ApplicationFilterChain.java:195) ~[tomcat-embed-core-10.1.31.jar:10.1.31]
	at org.apache.catalina.core.ApplicationFilterChain.doFilter(ApplicationFilterChain.java:140) ~[tomcat-embed-core-10.1.31.jar:10.1.31]
	at org.apache.tomcat.websocket.server.WsFilter.doFilter(WsFilter.java:51) ~[tomcat-embed-websocket-10.1.31.jar:10.1.31]
	at org.apache.catalina.core.ApplicationFilterChain.internalDoFilter(ApplicationFilterChain.java:164) ~[tomcat-embed-core-10.1.31.jar:10.1.31]
	at org.apache.catalina.core.ApplicationFilterChain.doFilter(ApplicationFilterChain.java:140) ~[tomcat-embed-core-10.1.31.jar:10.1.31]
	at org.springframework.web.filter.RequestContextFilter.doFilterInternal(RequestContextFilter.java:100) ~[spring-web-6.1.14.jar:6.1.14]
	at org.springframework.web.filter.OncePerRequestFilter.doFilter(OncePerRequestFilter.java:116) ~[spring-web-6.1.14.jar:6.1.14]
	at org.apache.catalina.core.ApplicationFilterChain.internalDoFilter(ApplicationFilterChain.java:164) ~[tomcat-embed-core-10.1.31.jar:10.1.31]
	at org.apache.catalina.core.ApplicationFilterChain.doFilter(ApplicationFilterChain.java:140) ~[tomcat-embed-core-10.1.31.jar:10.1.31]
	at org.springframework.web.filter.FormContentFilter.doFilterInternal(FormContentFilter.java:93) ~[spring-web-6.1.14.jar:6.1.14]
	at org.springframework.web.filter.OncePerRequestFilter.doFilter(OncePerRequestFilter.java:116) ~[spring-web-6.1.14.jar:6.1.14]
	at org.apache.catalina.core.ApplicationFilterChain.internalDoFilter(ApplicationFilterChain.java:164) ~[tomcat-embed-core-10.1.31.jar:10.1.31]
	at org.apache.catalina.core.ApplicationFilterChain.doFilter(ApplicationFilterChain.java:140) ~[tomcat-embed-core-10.1.31.jar:10.1.31]
	at org.springframework.web.filter.CharacterEncodingFilter.doFilterInternal(CharacterEncodingFilter.java:201) ~[spring-web-6.1.14.jar:6.1.14]
	at org.springframework.web.filter.OncePerRequestFilter.doFilter(OncePerRequestFilter.java:116) ~[spring-web-6.1.14.jar:6.1.14]
	at org.apache.catalina.core.ApplicationFilterChain.internalDoFilter(ApplicationFilterChain.java:164) ~[tomcat-embed-core-10.1.31.jar:10.1.31]
	at org.apache.catalina.core.ApplicationFilterChain.doFilter(ApplicationFilterChain.java:140) ~[tomcat-embed-core-10.1.31.jar:10.1.31]
	at org.apache.catalina.core.StandardWrapperValve.invoke(StandardWrapperValve.java:167) ~[tomcat-embed-core-10.1.31.jar:10.1.31]
	at org.apache.catalina.core.StandardContextValve.invoke(StandardContextValve.java:90) ~[tomcat-embed-core-10.1.31.jar:10.1.31]
	at org.apache.catalina.authenticator.AuthenticatorBase.invoke(AuthenticatorBase.java:483) ~[tomcat-embed-core-10.1.31.jar:10.1.31]
	at org.apache.catalina.core.StandardHostValve.invoke(StandardHostValve.java:115) ~[tomcat-embed-core-10.1.31.jar:10.1.31]
	at org.apache.catalina.valves.ErrorReportValve.invoke(ErrorReportValve.java:93) ~[tomcat-embed-core-10.1.31.jar:10.1.31]
	at org.apache.catalina.core.StandardEngineValve.invoke(StandardEngineValve.java:74) ~[tomcat-embed-core-10.1.31.jar:10.1.31]
	at org.apache.catalina.connector.CoyoteAdapter.service(CoyoteAdapter.java:344) ~[tomcat-embed-core-10.1.31.jar:10.1.31]
	at org.apache.coyote.http11.Http11Processor.service(Http11Processor.java:384) ~[tomcat-embed-core-10.1.31.jar:10.1.31]
	at org.apache.coyote.AbstractProcessorLight.process(AbstractProcessorLight.java:63) ~[tomcat-embed-core-10.1.31.jar:10.1.31]
	at org.apache.coyote.AbstractProtocol$ConnectionHandler.process(AbstractProtocol.java:905) ~[tomcat-embed-core-10.1.31.jar:10.1.31]
	at org.apache.tomcat.util.net.NioEndpoint$SocketProcessor.doRun(NioEndpoint.java:1741) ~[tomcat-embed-core-10.1.31.jar:10.1.31]
	at org.apache.tomcat.util.net.SocketProcessorBase.run(SocketProcessorBase.java:52) ~[tomcat-embed-core-10.1.31.jar:10.1.31]
	at org.apache.tomcat.util.threads.ThreadPoolExecutor.runWorker(ThreadPoolExecutor.java:1190) ~[tomcat-embed-core-10.1.31.jar:10.1.31]
	at org.apache.tomcat.util.threads.ThreadPoolExecutor$Worker.run(ThreadPoolExecutor.java:659) ~[tomcat-embed-core-10.1.31.jar:10.1.31]
	at org.apache.tomcat.util.threads.TaskThread$WrappingRunnable.run(TaskThread.java:63) ~[tomcat-embed-core-10.1.31.jar:10.1.31]
	at java.base/java.lang.Thread.run(Thread.java:1575) ~[na:na]

2025-03-19T10:01:16.853-06:00  INFO 83065 --- [cuatroSRealApplication] [File Watcher] rtingClassPathChangeChangedEventListener : Restarting due to 3 class path changes (0 additions, 0 deletions, 3 modifications)
2025-03-19T10:01:16.929-06:00  INFO 83065 --- [cuatroSRealApplication] [restartedMain] c.c.init.CuatroSRealApplication          : Starting CuatroSRealApplication using Java 23.0.1 with PID 83065 (/Users/Usuario/eclipse-workspace/4SRealEstateApplication/target/classes started by Usuario in /Users/Usuario/eclipse-workspace/4SRealEstateApplication)
2025-03-19T10:01:16.930-06:00  INFO 83065 --- [cuatroSRealApplication] [restartedMain] c.c.init.CuatroSRealApplication          : No active profile set, falling back to 1 default profile: "default"
2025-03-19T10:01:17.207-06:00  INFO 83065 --- [cuatroSRealApplication] [restartedMain] o.s.b.w.embedded.tomcat.TomcatWebServer  : Tomcat initialized with port 8084 (http)
2025-03-19T10:01:17.210-06:00  INFO 83065 --- [cuatroSRealApplication] [restartedMain] o.apache.catalina.core.StandardService   : Starting service [Tomcat]
2025-03-19T10:01:17.211-06:00  INFO 83065 --- [cuatroSRealApplication] [restartedMain] o.apache.catalina.core.StandardEngine    : Starting Servlet engine: [Apache Tomcat/10.1.31]
2025-03-19T10:01:17.220-06:00  INFO 83065 --- [cuatroSRealApplication] [restartedMain] o.a.c.c.C.[Tomcat].[localhost].[/]       : Initializing Spring embedded WebApplicationContext
2025-03-19T10:01:17.221-06:00  INFO 83065 --- [cuatroSRealApplication] [restartedMain] w.s.c.ServletWebServerApplicationContext : Root WebApplicationContext: initialization completed in 288 ms
2025-03-19T10:01:17.314-06:00  INFO 83065 --- [cuatroSRealApplication] [restartedMain] o.s.b.d.a.OptionalLiveReloadServer       : LiveReload server is running on port 35729
2025-03-19T10:01:17.325-06:00  INFO 83065 --- [cuatroSRealApplication] [restartedMain] o.s.b.w.embedded.tomcat.TomcatWebServer  : Tomcat started on port 8084 (http) with context path '/'
2025-03-19T10:01:17.332-06:00  INFO 83065 --- [cuatroSRealApplication] [restartedMain] c.c.init.CuatroSRealApplication          : Started CuatroSRealApplication in 0.427 seconds (process running for 3746.918)
2025-03-19T10:01:17.335-06:00  INFO 83065 --- [cuatroSRealApplication] [restartedMain] .ConditionEvaluationDeltaLoggingListener : Condition evaluation unchanged
2025-03-19T10:07:29.145-06:00  INFO 83065 --- [cuatroSRealApplication] [RMI TCP Connection(91)-127.0.0.1] inMXBeanRegistrar$SpringApplicationAdmin : Application shutdown requested.
2025-03-19T10:10:34.202-06:00  INFO 84496 --- [cuatroSRealApplication] [restartedMain] c.c.init.CuatroSRealApplication          : Starting CuatroSRealApplication using Java 23.0.1 with PID 84496 (/Users/Usuario/eclipse-workspace/4SRealEstateApplication/target/classes started by Usuario in /Users/Usuario/eclipse-workspace/4SRealEstateApplication)
2025-03-19T10:10:34.205-06:00  INFO 84496 --- [cuatroSRealApplication] [restartedMain] c.c.init.CuatroSRealApplication          : No active profile set, falling back to 1 default profile: "default"
2025-03-19T10:10:34.294-06:00  INFO 84496 --- [cuatroSRealApplication] [restartedMain] .e.DevToolsPropertyDefaultsPostProcessor : Devtools property defaults active! Set 'spring.devtools.add-properties' to 'false' to disable
2025-03-19T10:10:34.295-06:00  INFO 84496 --- [cuatroSRealApplication] [restartedMain] .e.DevToolsPropertyDefaultsPostProcessor : For additional web related logging consider setting the 'logging.level.web' property to 'DEBUG'
2025-03-19T10:10:35.457-06:00  INFO 84496 --- [cuatroSRealApplication] [restartedMain] o.s.b.w.embedded.tomcat.TomcatWebServer  : Tomcat initialized with port 8084 (http)
2025-03-19T10:10:35.476-06:00  INFO 84496 --- [cuatroSRealApplication] [restartedMain] o.apache.catalina.core.StandardService   : Starting service [Tomcat]
2025-03-19T10:10:35.477-06:00  INFO 84496 --- [cuatroSRealApplication] [restartedMain] o.apache.catalina.core.StandardEngine    : Starting Servlet engine: [Apache Tomcat/10.1.31]
2025-03-19T10:10:35.533-06:00  INFO 84496 --- [cuatroSRealApplication] [restartedMain] o.a.c.c.C.[Tomcat].[localhost].[/]       : Initializing Spring embedded WebApplicationContext
2025-03-19T10:10:35.533-06:00  INFO 84496 --- [cuatroSRealApplication] [restartedMain] w.s.c.ServletWebServerApplicationContext : Root WebApplicationContext: initialization completed in 1238 ms
2025-03-19T10:10:36.102-06:00  INFO 84496 --- [cuatroSRealApplication] [restartedMain] o.s.b.d.a.OptionalLiveReloadServer       : LiveReload server is running on port 35729
2025-03-19T10:10:36.142-06:00  INFO 84496 --- [cuatroSRealApplication] [restartedMain] o.s.b.w.embedded.tomcat.TomcatWebServer  : Tomcat started on port 8084 (http) with context path '/'
2025-03-19T10:10:36.157-06:00  INFO 84496 --- [cuatroSRealApplication] [restartedMain] c.c.init.CuatroSRealApplication          : Started CuatroSRealApplication in 2.403 seconds (process running for 3.645)
2025-03-19T10:11:29.665-06:00  INFO 84496 --- [cuatroSRealApplication] [http-nio-8084-exec-1] o.a.c.c.C.[Tomcat].[localhost].[/]       : Initializing Spring DispatcherServlet 'dispatcherServlet'
2025-03-19T10:11:29.667-06:00  INFO 84496 --- [cuatroSRealApplication] [http-nio-8084-exec-1] o.s.web.servlet.DispatcherServlet        : Initializing Servlet 'dispatcherServlet'
2025-03-19T10:11:29.668-06:00  INFO 84496 --- [cuatroSRealApplication] [http-nio-8084-exec-1] o.s.web.servlet.DispatcherServlet        : Completed initialization in 1 ms
2025-03-19T10:11:49.516-06:00 ERROR 84496 --- [cuatroSRealApplication] [http-nio-8084-exec-2] o.a.c.c.C.[.[.[/].[dispatcherServlet]    : Servlet.service() for servlet [dispatcherServlet] in context with path [] threw exception [Request processing failed: org.springframework.web.client.HttpClientErrorException$MethodNotAllowed: 405 : "{"timestamp":"2025-03-19T16:11:49.368+00:00","status":405,"error":"Method Not Allowed","path":"/api/cargaMasiva2"}"] with root cause

org.springframework.web.client.HttpClientErrorException$MethodNotAllowed: 405 : "{"timestamp":"2025-03-19T16:11:49.368+00:00","status":405,"error":"Method Not Allowed","path":"/api/cargaMasiva2"}"
	at org.springframework.web.client.HttpClientErrorException.create(HttpClientErrorException.java:115) ~[spring-web-6.1.14.jar:6.1.14]
	at org.springframework.web.client.DefaultResponseErrorHandler.handleError(DefaultResponseErrorHandler.java:183) ~[spring-web-6.1.14.jar:6.1.14]
	at org.springframework.web.client.DefaultResponseErrorHandler.handleError(DefaultResponseErrorHandler.java:137) ~[spring-web-6.1.14.jar:6.1.14]
	at org.springframework.web.client.ResponseErrorHandler.handleError(ResponseErrorHandler.java:63) ~[spring-web-6.1.14.jar:6.1.14]
	at org.springframework.web.client.RestTemplate.handleResponse(RestTemplate.java:942) ~[spring-web-6.1.14.jar:6.1.14]
	at org.springframework.web.client.RestTemplate.doExecute(RestTemplate.java:891) ~[spring-web-6.1.14.jar:6.1.14]
	at org.springframework.web.client.RestTemplate.execute(RestTemplate.java:790) ~[spring-web-6.1.14.jar:6.1.14]
	at org.springframework.web.client.RestTemplate.getForObject(RestTemplate.java:404) ~[spring-web-6.1.14.jar:6.1.14]
	at com.cuatroSReal.service.ReTechDataService.setUpdateCargaMasiva(ReTechDataService.java:451) ~[classes/:na]
	at com.cuatroSReal.controller.ReTechDataController.updatesScrap(ReTechDataController.java:429) ~[classes/:na]
	at java.base/jdk.internal.reflect.DirectMethodHandleAccessor.invoke(DirectMethodHandleAccessor.java:103) ~[na:na]
	at java.base/java.lang.reflect.Method.invoke(Method.java:580) ~[na:na]
	at org.springframework.web.method.support.InvocableHandlerMethod.doInvoke(InvocableHandlerMethod.java:255) ~[spring-web-6.1.14.jar:6.1.14]
	at org.springframework.web.method.support.InvocableHandlerMethod.invokeForRequest(InvocableHandlerMethod.java:188) ~[spring-web-6.1.14.jar:6.1.14]
	at org.springframework.web.servlet.mvc.method.annotation.ServletInvocableHandlerMethod.invokeAndHandle(ServletInvocableHandlerMethod.java:118) ~[spring-webmvc-6.1.14.jar:6.1.14]
	at org.springframework.web.servlet.mvc.method.annotation.RequestMappingHandlerAdapter.invokeHandlerMethod(RequestMappingHandlerAdapter.java:926) ~[spring-webmvc-6.1.14.jar:6.1.14]
	at org.springframework.web.servlet.mvc.method.annotation.RequestMappingHandlerAdapter.handleInternal(RequestMappingHandlerAdapter.java:831) ~[spring-webmvc-6.1.14.jar:6.1.14]
	at org.springframework.web.servlet.mvc.method.AbstractHandlerMethodAdapter.handle(AbstractHandlerMethodAdapter.java:87) ~[spring-webmvc-6.1.14.jar:6.1.14]
	at org.springframework.web.servlet.DispatcherServlet.doDispatch(DispatcherServlet.java:1089) ~[spring-webmvc-6.1.14.jar:6.1.14]
	at org.springframework.web.servlet.DispatcherServlet.doService(DispatcherServlet.java:979) ~[spring-webmvc-6.1.14.jar:6.1.14]
	at org.springframework.web.servlet.FrameworkServlet.processRequest(FrameworkServlet.java:1014) ~[spring-webmvc-6.1.14.jar:6.1.14]
	at org.springframework.web.servlet.FrameworkServlet.doPost(FrameworkServlet.java:914) ~[spring-webmvc-6.1.14.jar:6.1.14]
	at jakarta.servlet.http.HttpServlet.service(HttpServlet.java:590) ~[tomcat-embed-core-10.1.31.jar:6.0]
	at org.springframework.web.servlet.FrameworkServlet.service(FrameworkServlet.java:885) ~[spring-webmvc-6.1.14.jar:6.1.14]
	at jakarta.servlet.http.HttpServlet.service(HttpServlet.java:658) ~[tomcat-embed-core-10.1.31.jar:6.0]
	at org.apache.catalina.core.ApplicationFilterChain.internalDoFilter(ApplicationFilterChain.java:195) ~[tomcat-embed-core-10.1.31.jar:10.1.31]
	at org.apache.catalina.core.ApplicationFilterChain.doFilter(ApplicationFilterChain.java:140) ~[tomcat-embed-core-10.1.31.jar:10.1.31]
	at org.apache.tomcat.websocket.server.WsFilter.doFilter(WsFilter.java:51) ~[tomcat-embed-websocket-10.1.31.jar:10.1.31]
	at org.apache.catalina.core.ApplicationFilterChain.internalDoFilter(ApplicationFilterChain.java:164) ~[tomcat-embed-core-10.1.31.jar:10.1.31]
	at org.apache.catalina.core.ApplicationFilterChain.doFilter(ApplicationFilterChain.java:140) ~[tomcat-embed-core-10.1.31.jar:10.1.31]
	at org.springframework.web.filter.RequestContextFilter.doFilterInternal(RequestContextFilter.java:100) ~[spring-web-6.1.14.jar:6.1.14]
	at org.springframework.web.filter.OncePerRequestFilter.doFilter(OncePerRequestFilter.java:116) ~[spring-web-6.1.14.jar:6.1.14]
	at org.apache.catalina.core.ApplicationFilterChain.internalDoFilter(ApplicationFilterChain.java:164) ~[tomcat-embed-core-10.1.31.jar:10.1.31]
	at org.apache.catalina.core.ApplicationFilterChain.doFilter(ApplicationFilterChain.java:140) ~[tomcat-embed-core-10.1.31.jar:10.1.31]
	at org.springframework.web.filter.FormContentFilter.doFilterInternal(FormContentFilter.java:93) ~[spring-web-6.1.14.jar:6.1.14]
	at org.springframework.web.filter.OncePerRequestFilter.doFilter(OncePerRequestFilter.java:116) ~[spring-web-6.1.14.jar:6.1.14]
	at org.apache.catalina.core.ApplicationFilterChain.internalDoFilter(ApplicationFilterChain.java:164) ~[tomcat-embed-core-10.1.31.jar:10.1.31]
	at org.apache.catalina.core.ApplicationFilterChain.doFilter(ApplicationFilterChain.java:140) ~[tomcat-embed-core-10.1.31.jar:10.1.31]
	at org.springframework.web.filter.CharacterEncodingFilter.doFilterInternal(CharacterEncodingFilter.java:201) ~[spring-web-6.1.14.jar:6.1.14]
	at org.springframework.web.filter.OncePerRequestFilter.doFilter(OncePerRequestFilter.java:116) ~[spring-web-6.1.14.jar:6.1.14]
	at org.apache.catalina.core.ApplicationFilterChain.internalDoFilter(ApplicationFilterChain.java:164) ~[tomcat-embed-core-10.1.31.jar:10.1.31]
	at org.apache.catalina.core.ApplicationFilterChain.doFilter(ApplicationFilterChain.java:140) ~[tomcat-embed-core-10.1.31.jar:10.1.31]
	at org.apache.catalina.core.StandardWrapperValve.invoke(StandardWrapperValve.java:167) ~[tomcat-embed-core-10.1.31.jar:10.1.31]
	at org.apache.catalina.core.StandardContextValve.invoke(StandardContextValve.java:90) ~[tomcat-embed-core-10.1.31.jar:10.1.31]
	at org.apache.catalina.authenticator.AuthenticatorBase.invoke(AuthenticatorBase.java:483) ~[tomcat-embed-core-10.1.31.jar:10.1.31]
	at org.apache.catalina.core.StandardHostValve.invoke(StandardHostValve.java:115) ~[tomcat-embed-core-10.1.31.jar:10.1.31]
	at org.apache.catalina.valves.ErrorReportValve.invoke(ErrorReportValve.java:93) ~[tomcat-embed-core-10.1.31.jar:10.1.31]
	at org.apache.catalina.core.StandardEngineValve.invoke(StandardEngineValve.java:74) ~[tomcat-embed-core-10.1.31.jar:10.1.31]
	at org.apache.catalina.connector.CoyoteAdapter.service(CoyoteAdapter.java:344) ~[tomcat-embed-core-10.1.31.jar:10.1.31]
	at org.apache.coyote.http11.Http11Processor.service(Http11Processor.java:384) ~[tomcat-embed-core-10.1.31.jar:10.1.31]
	at org.apache.coyote.AbstractProcessorLight.process(AbstractProcessorLight.java:63) ~[tomcat-embed-core-10.1.31.jar:10.1.31]
	at org.apache.coyote.AbstractProtocol$ConnectionHandler.process(AbstractProtocol.java:905) ~[tomcat-embed-core-10.1.31.jar:10.1.31]
	at org.apache.tomcat.util.net.NioEndpoint$SocketProcessor.doRun(NioEndpoint.java:1741) ~[tomcat-embed-core-10.1.31.jar:10.1.31]
	at org.apache.tomcat.util.net.SocketProcessorBase.run(SocketProcessorBase.java:52) ~[tomcat-embed-core-10.1.31.jar:10.1.31]
	at org.apache.tomcat.util.threads.ThreadPoolExecutor.runWorker(ThreadPoolExecutor.java:1190) ~[tomcat-embed-core-10.1.31.jar:10.1.31]
	at org.apache.tomcat.util.threads.ThreadPoolExecutor$Worker.run(ThreadPoolExecutor.java:659) ~[tomcat-embed-core-10.1.31.jar:10.1.31]
	at org.apache.tomcat.util.threads.TaskThread$WrappingRunnable.run(TaskThread.java:63) ~[tomcat-embed-core-10.1.31.jar:10.1.31]
	at java.base/java.lang.Thread.run(Thread.java:1575) ~[na:na]

2025-03-19T10:20:39.330-06:00  INFO 84496 --- [cuatroSRealApplication] [File Watcher] rtingClassPathChangeChangedEventListener : Restarting due to 2 class path changes (0 additions, 0 deletions, 2 modifications)
2025-03-19T10:20:39.762-06:00  INFO 84496 --- [cuatroSRealApplication] [restartedMain] c.c.init.CuatroSRealApplication          : Starting CuatroSRealApplication using Java 23.0.1 with PID 84496 (/Users/Usuario/eclipse-workspace/4SRealEstateApplication/target/classes started by Usuario in /Users/Usuario/eclipse-workspace/4SRealEstateApplication)
2025-03-19T10:20:39.763-06:00  INFO 84496 --- [cuatroSRealApplication] [restartedMain] c.c.init.CuatroSRealApplication          : No active profile set, falling back to 1 default profile: "default"
2025-03-19T10:20:40.504-06:00  INFO 84496 --- [cuatroSRealApplication] [restartedMain] o.s.b.w.embedded.tomcat.TomcatWebServer  : Tomcat initialized with port 8084 (http)
2025-03-19T10:20:40.531-06:00  INFO 84496 --- [cuatroSRealApplication] [restartedMain] o.apache.catalina.core.StandardService   : Starting service [Tomcat]
2025-03-19T10:20:40.532-06:00  INFO 84496 --- [cuatroSRealApplication] [restartedMain] o.apache.catalina.core.StandardEngine    : Starting Servlet engine: [Apache Tomcat/10.1.31]
2025-03-19T10:20:40.602-06:00  INFO 84496 --- [cuatroSRealApplication] [restartedMain] o.a.c.c.C.[Tomcat].[localhost].[/]       : Initializing Spring embedded WebApplicationContext
2025-03-19T10:20:40.604-06:00  INFO 84496 --- [cuatroSRealApplication] [restartedMain] w.s.c.ServletWebServerApplicationContext : Root WebApplicationContext: initialization completed in 833 ms
2025-03-19T10:20:40.932-06:00  INFO 84496 --- [cuatroSRealApplication] [restartedMain] o.s.b.d.a.OptionalLiveReloadServer       : LiveReload server is running on port 35729
2025-03-19T10:20:40.958-06:00  INFO 84496 --- [cuatroSRealApplication] [restartedMain] o.s.b.w.embedded.tomcat.TomcatWebServer  : Tomcat started on port 8084 (http) with context path '/'
2025-03-19T10:20:40.985-06:00  INFO 84496 --- [cuatroSRealApplication] [restartedMain] c.c.init.CuatroSRealApplication          : Started CuatroSRealApplication in 1.283 seconds (process running for 608.455)
2025-03-19T10:20:40.990-06:00  INFO 84496 --- [cuatroSRealApplication] [restartedMain] .ConditionEvaluationDeltaLoggingListener : Condition evaluation unchanged
2025-03-19T10:20:42.350-06:00  INFO 84496 --- [cuatroSRealApplication] [File Watcher] rtingClassPathChangeChangedEventListener : Restarting due to 4 class path changes (0 additions, 0 deletions, 4 modifications)
2025-03-19T10:20:42.489-06:00  INFO 84496 --- [cuatroSRealApplication] [restartedMain] c.c.init.CuatroSRealApplication          : Starting CuatroSRealApplication using Java 23.0.1 with PID 84496 (/Users/Usuario/eclipse-workspace/4SRealEstateApplication/target/classes started by Usuario in /Users/Usuario/eclipse-workspace/4SRealEstateApplication)
2025-03-19T10:20:42.491-06:00  INFO 84496 --- [cuatroSRealApplication] [restartedMain] c.c.init.CuatroSRealApplication          : No active profile set, falling back to 1 default profile: "default"
2025-03-19T10:20:42.838-06:00  INFO 84496 --- [cuatroSRealApplication] [restartedMain] o.s.b.w.embedded.tomcat.TomcatWebServer  : Tomcat initialized with port 8084 (http)
2025-03-19T10:20:42.840-06:00  INFO 84496 --- [cuatroSRealApplication] [restartedMain] o.apache.catalina.core.StandardService   : Starting service [Tomcat]
2025-03-19T10:20:42.841-06:00  INFO 84496 --- [cuatroSRealApplication] [restartedMain] o.apache.catalina.core.StandardEngine    : Starting Servlet engine: [Apache Tomcat/10.1.31]
2025-03-19T10:20:42.859-06:00  INFO 84496 --- [cuatroSRealApplication] [restartedMain] o.a.c.c.C.[Tomcat].[localhost].[/]       : Initializing Spring embedded WebApplicationContext
2025-03-19T10:20:42.860-06:00  INFO 84496 --- [cuatroSRealApplication] [restartedMain] w.s.c.ServletWebServerApplicationContext : Root WebApplicationContext: initialization completed in 365 ms
2025-03-19T10:20:42.979-06:00  INFO 84496 --- [cuatroSRealApplication] [restartedMain] o.s.b.d.a.OptionalLiveReloadServer       : LiveReload server is running on port 35729
2025-03-19T10:20:42.992-06:00  INFO 84496 --- [cuatroSRealApplication] [restartedMain] o.s.b.w.embedded.tomcat.TomcatWebServer  : Tomcat started on port 8084 (http) with context path '/'
2025-03-19T10:20:43.001-06:00  INFO 84496 --- [cuatroSRealApplication] [restartedMain] c.c.init.CuatroSRealApplication          : Started CuatroSRealApplication in 0.553 seconds (process running for 610.471)
2025-03-19T10:20:43.003-06:00  INFO 84496 --- [cuatroSRealApplication] [restartedMain] .ConditionEvaluationDeltaLoggingListener : Condition evaluation unchanged
2025-03-19T10:20:54.990-06:00  INFO 84496 --- [cuatroSRealApplication] [http-nio-8084-exec-1] o.a.c.c.C.[Tomcat].[localhost].[/]       : Initializing Spring DispatcherServlet 'dispatcherServlet'
2025-03-19T10:20:54.992-06:00  INFO 84496 --- [cuatroSRealApplication] [http-nio-8084-exec-1] o.s.web.servlet.DispatcherServlet        : Initializing Servlet 'dispatcherServlet'
2025-03-19T10:20:54.994-06:00  INFO 84496 --- [cuatroSRealApplication] [http-nio-8084-exec-1] o.s.web.servlet.DispatcherServlet        : Completed initialization in 1 ms
